<?xml version="1.0" encoding="UTF-8"?>
<testsuite xmlns:xsi="http://www.w3.org/2001/XMLSchema-instance" xsi:noNamespaceSchemaLocation="https://maven.apache.org/surefire/maven-surefire-plugin/xsd/surefire-test-report.xsd" name="com.heroes.api.heroesapi.controller.HeroControllerTest" time="0.975" tests="16" errors="0" skipped="0" failures="0">
  <properties>
[...]
</properties>
  <testcase name="testGetHeroHandleException" classname="com.heroes.api.heroesapi.controller.HeroControllerTest" time="0.898"/>
  <testcase name="testCreateHeroFailed" classname="com.heroes.api.heroesapi.controller.HeroControllerTest" time="0.014"/>
  <testcase name="testDeleteHeroNotFound" classname="com.heroes.api.heroesapi.controller.HeroControllerTest" time="0.003"/>
  <testcase name="testSearchHeroesHandleException" classname="com.heroes.api.heroesapi.controller.HeroControllerTest" time="0.003"/>
  <testcase name="testGetHeroNotFound" classname="com.heroes.api.heroesapi.controller.HeroControllerTest" time="0.003"/>
  <testcase name="testUpdateHero" classname="com.heroes.api.heroesapi.controller.HeroControllerTest" time="0.003"/>
  <testcase name="testDeleteHeroHandleException" classname="com.heroes.api.heroesapi.controller.HeroControllerTest" time="0.004"/>
  <testcase name="testGetHeroesHandleException" classname="com.heroes.api.heroesapi.controller.HeroControllerTest" time="0.003"/>
  <testcase name="testUpdateHeroFailed" classname="com.heroes.api.heroesapi.controller.HeroControllerTest" time="0.002"/>
  <testcase name="testGetHero" classname="com.heroes.api.heroesapi.controller.HeroControllerTest" time="0.002"/>
  <testcase name="testCreateHeroHandleException" classname="com.heroes.api.heroesapi.controller.HeroControllerTest" time="0.003"/>
  <testcase name="testUpdateHeroHandleException" classname="com.heroes.api.heroesapi.controller.HeroControllerTest" time="0.002"/>
  <testcase name="testCreateHero" classname="com.heroes.api.heroesapi.controller.HeroControllerTest" time="0.002"/>
  <testcase name="testSearchHeroes" classname="com.heroes.api.heroesapi.controller.HeroControllerTest" time="0.003"/>
  <testcase name="testDeleteHero" classname="com.heroes.api.heroesapi.controller.HeroControllerTest" time="0.002"/>
  <testcase name="testGetHeroes" classname="com.heroes.api.heroesapi.controller.HeroControllerTest" time="0.003"/>
</testsuite>